  StaticCodeAnalyzerTest.cpp
  StaticCodeAnalyzer.cpp
  Generating Code...
gtestd.lib(gtest-all.obj) : error LNK2038: mismatch detected for '_MSC_VER': value '1800' doesn't match value '1900' in StaticCodeAnalyzer.obj
gtestd.lib(gtest-all.obj) : error LNK2038: mismatch detected for 'RuntimeLibrary': value 'MTd_StaticDebug' doesn't match value 'MDd_DynamicDebug' in StaticCodeAnalyzer.obj
msvcprtd.lib(MSVCP140D.dll) : error LNK2005: "public: __thiscall std::_Locinfo::_Locinfo(char const *)" (??0_Locinfo@std@@QAE@PBD@Z) already defined in gtestd.lib(gtest-all.obj)
msvcprtd.lib(MSVCP140D.dll) : error LNK2005: "public: __thiscall std::_Locinfo::~_Locinfo(void)" (??1_Locinfo@std@@QAE@XZ) already defined in gtestd.lib(gtest-all.obj)
msvcprtd.lib(MSVCP140D.dll) : error LNK2005: "public: char const * __thiscall std::_Yarn<char>::c_str(void)const " (?c_str@?$_Yarn@D@std@@QBEPBDXZ) already defined in gtestd.lib(gtest-all.obj)
msvcprtd.lib(MSVCP140D.dll) : error LNK2005: "public: __thiscall std::locale::id::operator unsigned int(void)" (??Bid@locale@std@@QAEIXZ) already defined in gtestd.lib(gtest-all.obj)
msvcprtd.lib(MSVCP140D.dll) : error LNK2005: "protected: __thiscall std::locale::facet::facet(unsigned int)" (??0facet@locale@std@@IAE@I@Z) already defined in gtestd.lib(gtest-all.obj)
msvcprtd.lib(MSVCP140D.dll) : error LNK2005: "protected: virtual __thiscall std::locale::facet::~facet(void)" (??1facet@locale@std@@MAE@XZ) already defined in gtestd.lib(gtest-all.obj)
msvcprtd.lib(MSVCP140D.dll) : error LNK2005: "public: static unsigned int __cdecl std::ctype<char>::_Getcat(class std::locale::facet const * *,class std::locale const *)" (?_Getcat@?$ctype@D@std@@SAIPAPBVfacet@locale@2@PBV42@@Z) already defined in gtestd.lib(gtest-all.obj)
msvcprtd.lib(MSVCP140D.dll) : error LNK2005: "public: bool __thiscall std::ios_base::good(void)const " (?good@ios_base@std@@QBE_NXZ) already defined in gtestd.lib(gtest-all.obj)
msvcprtd.lib(MSVCP140D.dll) : error LNK2005: "public: int __thiscall std::ios_base::flags(void)const " (?flags@ios_base@std@@QBEHXZ) already defined in gtestd.lib(gtest-all.obj)
msvcprtd.lib(MSVCP140D.dll) : error LNK2005: "public: __int64 __thiscall std::ios_base::width(void)const " (?width@ios_base@std@@QBE_JXZ) already defined in gtestd.lib(gtest-all.obj)
msvcprtd.lib(MSVCP140D.dll) : error LNK2005: "public: __int64 __thiscall std::ios_base::width(__int64)" (?width@ios_base@std@@QAE_J_J@Z) already defined in gtestd.lib(gtest-all.obj)
msvcprtd.lib(MSVCP140D.dll) : error LNK2005: "protected: __thiscall std::basic_streambuf<char,struct std::char_traits<char> >::basic_streambuf<char,struct std::char_traits<char> >(void)" (??0?$basic_streambuf@DU?$char_traits@D@std@@@std@@IAE@XZ) already defined in gtestd.lib(gtest-all.obj)
msvcprtd.lib(MSVCP140D.dll) : error LNK2005: "public: virtual __thiscall std::basic_streambuf<char,struct std::char_traits<char> >::~basic_streambuf<char,struct std::char_traits<char> >(void)" (??1?$basic_streambuf@DU?$char_traits@D@std@@@std@@UAE@XZ) already defined in gtestd.lib(gtest-all.obj)
msvcprtd.lib(MSVCP140D.dll) : error LNK2005: "public: int __thiscall std::basic_streambuf<char,struct std::char_traits<char> >::sputc(char)" (?sputc@?$basic_streambuf@DU?$char_traits@D@std@@@std@@QAEHD@Z) already defined in gtestd.lib(gtest-all.obj)
msvcprtd.lib(MSVCP140D.dll) : error LNK2005: "public: __int64 __thiscall std::basic_streambuf<char,struct std::char_traits<char> >::sputn(char const *,__int64)" (?sputn@?$basic_streambuf@DU?$char_traits@D@std@@@std@@QAE_JPBD_J@Z) already defined in gtestd.lib(gtest-all.obj)
msvcprtd.lib(MSVCP140D.dll) : error LNK2005: "protected: char * __thiscall std::basic_streambuf<char,struct std::char_traits<char> >::eback(void)const " (?eback@?$basic_streambuf@DU?$char_traits@D@std@@@std@@IBEPADXZ) already defined in gtestd.lib(gtest-all.obj)
msvcprtd.lib(MSVCP140D.dll) : error LNK2005: "protected: char * __thiscall std::basic_streambuf<char,struct std::char_traits<char> >::gptr(void)const " (?gptr@?$basic_streambuf@DU?$char_traits@D@std@@@std@@IBEPADXZ) already defined in gtestd.lib(gtest-all.obj)
msvcprtd.lib(MSVCP140D.dll) : error LNK2005: "protected: char * __thiscall std::basic_streambuf<char,struct std::char_traits<char> >::pptr(void)const " (?pptr@?$basic_streambuf@DU?$char_traits@D@std@@@std@@IBEPADXZ) already defined in gtestd.lib(gtest-all.obj)
msvcprtd.lib(MSVCP140D.dll) : error LNK2005: "protected: char * __thiscall std::basic_streambuf<char,struct std::char_traits<char> >::egptr(void)const " (?egptr@?$basic_streambuf@DU?$char_traits@D@std@@@std@@IBEPADXZ) already defined in gtestd.lib(gtest-all.obj)
msvcprtd.lib(MSVCP140D.dll) : error LNK2005: "protected: void __thiscall std::basic_streambuf<char,struct std::char_traits<char> >::setg(char *,char *,char *)" (?setg@?$basic_streambuf@DU?$char_traits@D@std@@@std@@IAEXPAD00@Z) already defined in gtestd.lib(gtest-all.obj)
msvcprtd.lib(MSVCP140D.dll) : error LNK2005: "protected: char * __thiscall std::basic_streambuf<char,struct std::char_traits<char> >::epptr(void)const " (?epptr@?$basic_streambuf@DU?$char_traits@D@std@@@std@@IBEPADXZ) already defined in gtestd.lib(gtest-all.obj)
msvcprtd.lib(MSVCP140D.dll) : error LNK2005: "protected: char * __thiscall std::basic_streambuf<char,struct std::char_traits<char> >::_Gninc(void)" (?_Gninc@?$basic_streambuf@DU?$char_traits@D@std@@@std@@IAEPADXZ) already defined in gtestd.lib(gtest-all.obj)
msvcprtd.lib(MSVCP140D.dll) : error LNK2005: "protected: char * __thiscall std::basic_streambuf<char,struct std::char_traits<char> >::_Pninc(void)" (?_Pninc@?$basic_streambuf@DU?$char_traits@D@std@@@std@@IAEPADXZ) already defined in gtestd.lib(gtest-all.obj)
msvcprtd.lib(MSVCP140D.dll) : error LNK2005: "protected: void __thiscall std::basic_streambuf<char,struct std::char_traits<char> >::_Init(void)" (?_Init@?$basic_streambuf@DU?$char_traits@D@std@@@std@@IAEXXZ) already defined in gtestd.lib(gtest-all.obj)
msvcprtd.lib(MSVCP140D.dll) : error LNK2005: "public: virtual __thiscall std::basic_ios<char,struct std::char_traits<char> >::~basic_ios<char,struct std::char_traits<char> >(void)" (??1?$basic_ios@DU?$char_traits@D@std@@@std@@UAE@XZ) already defined in gtestd.lib(gtest-all.obj)
msvcprtd.lib(MSVCP140D.dll) : error LNK2005: "public: void __thiscall std::basic_ios<char,struct std::char_traits<char> >::clear(int,bool)" (?clear@?$basic_ios@DU?$char_traits@D@std@@@std@@QAEXH_N@Z) already defined in gtestd.lib(gtest-all.obj)
msvcprtd.lib(MSVCP140D.dll) : error LNK2005: "public: void __thiscall std::basic_ios<char,struct std::char_traits<char> >::setstate(int,bool)" (?setstate@?$basic_ios@DU?$char_traits@D@std@@@std@@QAEXH_N@Z) already defined in gtestd.lib(gtest-all.obj)
msvcprtd.lib(MSVCP140D.dll) : error LNK2005: "public: class std::basic_ostream<char,struct std::char_traits<char> > * __thiscall std::basic_ios<char,struct std::char_traits<char> >::tie(void)const " (?tie@?$basic_ios@DU?$char_traits@D@std@@@std@@QBEPAV?$basic_ostream@DU?$char_traits@D@std@@@2@XZ) already defined in gtestd.lib(gtest-all.obj)
msvcprtd.lib(MSVCP140D.dll) : error LNK2005: "public: class std::basic_streambuf<char,struct std::char_traits<char> > * __thiscall std::basic_ios<char,struct std::char_traits<char> >::rdbuf(void)const " (?rdbuf@?$basic_ios@DU?$char_traits@D@std@@@std@@QBEPAV?$basic_streambuf@DU?$char_traits@D@std@@@2@XZ) already defined in gtestd.lib(gtest-all.obj)
msvcprtd.lib(MSVCP140D.dll) : error LNK2005: "public: char __thiscall std::basic_ios<char,struct std::char_traits<char> >::fill(void)const " (?fill@?$basic_ios@DU?$char_traits@D@std@@@std@@QBEDXZ) already defined in gtestd.lib(gtest-all.obj)
msvcprtd.lib(MSVCP140D.dll) : error LNK2005: "public: char __thiscall std::basic_ios<char,struct std::char_traits<char> >::widen(char)const " (?widen@?$basic_ios@DU?$char_traits@D@std@@@std@@QBEDD@Z) already defined in gtestd.lib(gtest-all.obj)
msvcprtd.lib(MSVCP140D.dll) : error LNK2005: "protected: __thiscall std::basic_ios<char,struct std::char_traits<char> >::basic_ios<char,struct std::char_traits<char> >(void)" (??0?$basic_ios@DU?$char_traits@D@std@@@std@@IAE@XZ) already defined in gtestd.lib(gtest-all.obj)
msvcprtd.lib(MSVCP140D.dll) : error LNK2005: "public: virtual __thiscall std::basic_ostream<char,struct std::char_traits<char> >::~basic_ostream<char,struct std::char_traits<char> >(void)" (??1?$basic_ostream@DU?$char_traits@D@std@@@std@@UAE@XZ) already defined in gtestd.lib(gtest-all.obj)
msvcprtd.lib(MSVCP140D.dll) : error LNK2005: "public: void __thiscall std::basic_ostream<char,struct std::char_traits<char> >::_Osfx(void)" (?_Osfx@?$basic_ostream@DU?$char_traits@D@std@@@std@@QAEXXZ) already defined in gtestd.lib(gtest-all.obj)
msvcprtd.lib(MSVCP140D.dll) : error LNK2005: "public: class std::basic_ostream<char,struct std::char_traits<char> > & __thiscall std::basic_ostream<char,struct std::char_traits<char> >::operator<<(class std::basic_ostream<char,struct std::char_traits<char> > & (__cdecl*)(class std::basic_ostream<char,struct std::char_traits<char> > &))" (??6?$basic_ostream@DU?$char_traits@D@std@@@std@@QAEAAV01@P6AAAV01@AAV01@@Z@Z) already defined in gtestd.lib(gtest-all.obj)
msvcprtd.lib(MSVCP140D.dll) : error LNK2005: "public: class std::basic_ostream<char,struct std::char_traits<char> > & __thiscall std::basic_ostream<char,struct std::char_traits<char> >::put(char)" (?put@?$basic_ostream@DU?$char_traits@D@std@@@std@@QAEAAV12@D@Z) already defined in gtestd.lib(gtest-all.obj)
msvcprtd.lib(MSVCP140D.dll) : error LNK2005: "public: class std::basic_ostream<char,struct std::char_traits<char> > & __thiscall std::basic_ostream<char,struct std::char_traits<char> >::flush(void)" (?flush@?$basic_ostream@DU?$char_traits@D@std@@@std@@QAEAAV12@XZ) already defined in gtestd.lib(gtest-all.obj)
msvcprtd.lib(MSVCP140D.dll) : error LNK2005: "public: __thiscall std::basic_istream<char,struct std::char_traits<char> >::basic_istream<char,struct std::char_traits<char> >(class std::basic_streambuf<char,struct std::char_traits<char> > *,bool)" (??0?$basic_istream@DU?$char_traits@D@std@@@std@@QAE@PAV?$basic_streambuf@DU?$char_traits@D@std@@@1@_N@Z) already defined in gtestd.lib(gtest-all.obj)
msvcprtd.lib(MSVCP140D.dll) : error LNK2005: "public: virtual __thiscall std::basic_istream<char,struct std::char_traits<char> >::~basic_istream<char,struct std::char_traits<char> >(void)" (??1?$basic_istream@DU?$char_traits@D@std@@@std@@UAE@XZ) already defined in gtestd.lib(gtest-all.obj)
msvcprtd.lib(MSVCP140D.dll) : error LNK2005: "protected: char * __thiscall std::basic_streambuf<char,struct std::char_traits<char> >::pbase(void)const " (?pbase@?$basic_streambuf@DU?$char_traits@D@std@@@std@@IBEPADXZ) already defined in gtestd.lib(gtest-all.obj)
msvcprtd.lib(MSVCP140D.dll) : error LNK2005: "protected: void __thiscall std::basic_streambuf<char,struct std::char_traits<char> >::gbump(int)" (?gbump@?$basic_streambuf@DU?$char_traits@D@std@@@std@@IAEXH@Z) already defined in gtestd.lib(gtest-all.obj)
msvcprtd.lib(MSVCP140D.dll) : error LNK2005: "protected: void __thiscall std::basic_streambuf<char,struct std::char_traits<char> >::pbump(int)" (?pbump@?$basic_streambuf@DU?$char_traits@D@std@@@std@@IAEXH@Z) already defined in gtestd.lib(gtest-all.obj)
msvcprtd.lib(MSVCP140D.dll) : error LNK2005: "protected: void __thiscall std::basic_streambuf<char,struct std::char_traits<char> >::setp(char *,char *)" (?setp@?$basic_streambuf@DU?$char_traits@D@std@@@std@@IAEXPAD0@Z) already defined in gtestd.lib(gtest-all.obj)
msvcprtd.lib(MSVCP140D.dll) : error LNK2005: "protected: void __thiscall std::basic_streambuf<char,struct std::char_traits<char> >::setp(char *,char *,char *)" (?setp@?$basic_streambuf@DU?$char_traits@D@std@@@std@@IAEXPAD00@Z) already defined in gtestd.lib(gtest-all.obj)
msvcprtd.lib(MSVCP140D.dll) : error LNK2005: "public: __thiscall std::basic_iostream<char,struct std::char_traits<char> >::basic_iostream<char,struct std::char_traits<char> >(class std::basic_streambuf<char,struct std::char_traits<char> > *)" (??0?$basic_iostream@DU?$char_traits@D@std@@@std@@QAE@PAV?$basic_streambuf@DU?$char_traits@D@std@@@1@@Z) already defined in gtestd.lib(gtest-all.obj)
msvcprtd.lib(MSVCP140D.dll) : error LNK2005: "public: virtual __thiscall std::basic_iostream<char,struct std::char_traits<char> >::~basic_iostream<char,struct std::char_traits<char> >(void)" (??1?$basic_iostream@DU?$char_traits@D@std@@@std@@UAE@XZ) already defined in gtestd.lib(gtest-all.obj)
libcpmtd.lib(ios.obj) : error LNK2038: mismatch detected for 'RuntimeLibrary': value 'MTd_StaticDebug' doesn't match value 'MDd_DynamicDebug' in StaticCodeAnalyzer.obj
libcpmtd.lib(ios.obj) : error LNK2005: "public: static void __cdecl std::_Crt_new_delete::operator delete(void *)" (??3_Crt_new_delete@std@@SAXPAX@Z) already defined in msvcprtd.lib(MSVCP140D.dll)
libcpmtd.lib(ios.obj) : error LNK2005: "public: static void __cdecl std::ios_base::_Addstd(class std::ios_base *)" (?_Addstd@ios_base@std@@SAXPAV12@@Z) already defined in msvcprtd.lib(MSVCP140D.dll)
libcpmtd.lib(ios.obj) : error LNK2005: "private: static void __cdecl std::ios_base::_Ios_base_dtor(class std::ios_base *)" (?_Ios_base_dtor@ios_base@std@@CAXPAV12@@Z) already defined in msvcprtd.lib(MSVCP140D.dll)
libcpmtd.lib(locale0.obj) : error LNK2038: mismatch detected for 'RuntimeLibrary': value 'MTd_StaticDebug' doesn't match value 'MDd_DynamicDebug' in StaticCodeAnalyzer.obj
libcpmtd.lib(locale0.obj) : error LNK2005: "public: static void * __cdecl std::_Crt_new_delete::operator new(unsigned int)" (??2_Crt_new_delete@std@@SAPAXI@Z) already defined in msvcprtd.lib(MSVCP140D.dll)
libcpmtd.lib(locale0.obj) : error LNK2005: "public: static void __cdecl std::_Crt_new_delete::operator delete(void *)" (??3_Crt_new_delete@std@@SAXPAX@Z) already defined in msvcprtd.lib(MSVCP140D.dll)
libcpmtd.lib(locale0.obj) : error LNK2005: "void __cdecl std::_Facet_Register(class std::_Facet_base *)" (?_Facet_Register@std@@YAXPAV_Facet_base@1@@Z) already defined in msvcprtd.lib(locale0_implib.obj)
libcpmtd.lib(locale0.obj) : error LNK2005: "private: static class std::locale::_Locimp * __cdecl std::locale::_Getgloballocale(void)" (?_Getgloballocale@locale@std@@CAPAV_Locimp@12@XZ) already defined in msvcprtd.lib(MSVCP140D.dll)
libcpmtd.lib(locale0.obj) : error LNK2005: "private: static class std::locale::_Locimp * __cdecl std::locale::_Init(bool)" (?_Init@locale@std@@CAPAV_Locimp@12@_N@Z) already defined in msvcprtd.lib(MSVCP140D.dll)
libcpmtd.lib(locale0.obj) : error LNK2005: "public: static void __cdecl std::_Locinfo::_Locinfo_ctor(class std::_Locinfo *,char const *)" (?_Locinfo_ctor@_Locinfo@std@@SAXPAV12@PBD@Z) already defined in msvcprtd.lib(MSVCP140D.dll)
libcpmtd.lib(locale0.obj) : error LNK2005: "public: static void __cdecl std::_Locinfo::_Locinfo_dtor(class std::_Locinfo *)" (?_Locinfo_dtor@_Locinfo@std@@SAXPAV12@@Z) already defined in msvcprtd.lib(MSVCP140D.dll)
libcpmtd.lib(cerr.obj) : error LNK2038: mismatch detected for 'RuntimeLibrary': value 'MTd_StaticDebug' doesn't match value 'MDd_DynamicDebug' in StaticCodeAnalyzer.obj
libcpmtd.lib(cerr.obj) : error LNK2005: "public: __thiscall std::basic_ostream<char,struct std::char_traits<char> >::basic_ostream<char,struct std::char_traits<char> >(class std::basic_streambuf<char,struct std::char_traits<char> > *,bool)" (??0?$basic_ostream@DU?$char_traits@D@std@@@std@@QAE@PAV?$basic_streambuf@DU?$char_traits@D@std@@@1@_N@Z) already defined in msvcprtd.lib(MSVCP140D.dll)
libcpmtd.lib(cerr.obj) : error LNK2005: "public: static void * __cdecl std::_Crt_new_delete::operator new(unsigned int)" (??2_Crt_new_delete@std@@SAPAXI@Z) already defined in msvcprtd.lib(MSVCP140D.dll)
libcpmtd.lib(cerr.obj) : error LNK2005: "public: static void __cdecl std::_Crt_new_delete::operator delete(void *)" (??3_Crt_new_delete@std@@SAXPAX@Z) already defined in msvcprtd.lib(MSVCP140D.dll)
libcpmtd.lib(cerr.obj) : error LNK2005: "public: static unsigned int __cdecl std::codecvt<char,char,struct _Mbstatet>::_Getcat(class std::locale::facet const * *,class std::locale const *)" (?_Getcat@?$codecvt@DDU_Mbstatet@@@std@@SAIPAPBVfacet@locale@2@PBV42@@Z) already defined in msvcprtd.lib(MSVCP140D.dll)
libcpmtd.lib(cerr.obj) : error LNK2005: "protected: char * __thiscall std::basic_streambuf<char,struct std::char_traits<char> >::_Gndec(void)" (?_Gndec@?$basic_streambuf@DU?$char_traits@D@std@@@std@@IAEPADXZ) already defined in msvcprtd.lib(MSVCP140D.dll)
libcpmtd.lib(cerr.obj) : error LNK2005: "protected: void __thiscall std::basic_streambuf<char,struct std::char_traits<char> >::_Init(char * *,char * *,int *,char * *,char * *,int *)" (?_Init@?$basic_streambuf@DU?$char_traits@D@std@@@std@@IAEXPAPAD0PAH001@Z) already defined in msvcprtd.lib(MSVCP140D.dll)
libcpmtd.lib(cerr.obj) : error LNK2005: "public: bool __thiscall std::codecvt_base::always_noconv(void)const " (?always_noconv@codecvt_base@std@@QBE_NXZ) already defined in msvcprtd.lib(MSVCP140D.dll)
libcpmtd.lib(cerr.obj) : error LNK2005: "public: int __thiscall std::codecvt<char,char,struct _Mbstatet>::in(struct _Mbstatet &,char const *,char const *,char const * &,char *,char *,char * &)const " (?in@?$codecvt@DDU_Mbstatet@@@std@@QBEHAAU_Mbstatet@@PBD1AAPBDPAD3AAPAD@Z) already defined in msvcprtd.lib(MSVCP140D.dll)
libcpmtd.lib(cerr.obj) : error LNK2005: "public: int __thiscall std::codecvt<char,char,struct _Mbstatet>::out(struct _Mbstatet &,char const *,char const *,char const * &,char *,char *,char * &)const " (?out@?$codecvt@DDU_Mbstatet@@@std@@QBEHAAU_Mbstatet@@PBD1AAPBDPAD3AAPAD@Z) already defined in msvcprtd.lib(MSVCP140D.dll)
libcpmtd.lib(cerr.obj) : error LNK2005: "public: int __thiscall std::codecvt<char,char,struct _Mbstatet>::unshift(struct _Mbstatet &,char *,char *,char * &)const " (?unshift@?$codecvt@DDU_Mbstatet@@@std@@QBEHAAU_Mbstatet@@PAD1AAPAD@Z) already defined in msvcprtd.lib(MSVCP140D.dll)
libcpmtd.lib(iosptrs.obj) : error LNK2038: mismatch detected for 'RuntimeLibrary': value 'MTd_StaticDebug' doesn't match value 'MDd_DynamicDebug' in StaticCodeAnalyzer.obj
libcpmtd.lib(locale.obj) : error LNK2038: mismatch detected for 'RuntimeLibrary': value 'MTd_StaticDebug' doesn't match value 'MDd_DynamicDebug' in StaticCodeAnalyzer.obj
libcpmtd.lib(locale.obj) : error LNK2005: "public: static void * __cdecl std::_Crt_new_delete::operator new(unsigned int)" (??2_Crt_new_delete@std@@SAPAXI@Z) already defined in msvcprtd.lib(MSVCP140D.dll)
libcpmtd.lib(locale.obj) : error LNK2005: "public: static void __cdecl std::_Crt_new_delete::operator delete(void *)" (??3_Crt_new_delete@std@@SAXPAX@Z) already defined in msvcprtd.lib(MSVCP140D.dll)
libcpmtd.lib(locale.obj) : error LNK2005: "public: static unsigned int __cdecl std::codecvt<char,char,struct _Mbstatet>::_Getcat(class std::locale::facet const * *,class std::locale const *)" (?_Getcat@?$codecvt@DDU_Mbstatet@@@std@@SAIPAPBVfacet@locale@2@PBV42@@Z) already defined in msvcprtd.lib(MSVCP140D.dll)
libcpmtd.lib(locale.obj) : error LNK2005: "public: int __thiscall std::basic_streambuf<char,struct std::char_traits<char> >::sbumpc(void)" (?sbumpc@?$basic_streambuf@DU?$char_traits@D@std@@@std@@QAEHXZ) already defined in msvcprtd.lib(MSVCP140D.dll)
libcpmtd.lib(locale.obj) : error LNK2005: "public: int __thiscall std::basic_streambuf<char,struct std::char_traits<char> >::sgetc(void)" (?sgetc@?$basic_streambuf@DU?$char_traits@D@std@@@std@@QAEHXZ) already defined in msvcprtd.lib(MSVCP140D.dll)
libcpmtd.lib(nothrow.obj) : error LNK2038: mismatch detected for 'RuntimeLibrary': value 'MTd_StaticDebug' doesn't match value 'MDd_DynamicDebug' in StaticCodeAnalyzer.obj
libcpmtd.lib(xlock.obj) : error LNK2038: mismatch detected for 'RuntimeLibrary': value 'MTd_StaticDebug' doesn't match value 'MDd_DynamicDebug' in StaticCodeAnalyzer.obj
libcpmtd.lib(xlock.obj) : error LNK2005: "public: __thiscall std::_Lockit::_Lockit(int)" (??0_Lockit@std@@QAE@H@Z) already defined in msvcprtd.lib(MSVCP140D.dll)
libcpmtd.lib(xlock.obj) : error LNK2005: "public: __thiscall std::_Lockit::~_Lockit(void)" (??1_Lockit@std@@QAE@XZ) already defined in msvcprtd.lib(MSVCP140D.dll)
libcpmtd.lib(xthrow.obj) : error LNK2038: mismatch detected for 'RuntimeLibrary': value 'MTd_StaticDebug' doesn't match value 'MDd_DynamicDebug' in StaticCodeAnalyzer.obj
libcpmtd.lib(xthrow.obj) : error LNK2005: "void __cdecl std::_Xbad_alloc(void)" (?_Xbad_alloc@std@@YAXXZ) already defined in msvcprtd.lib(MSVCP140D.dll)
libcpmtd.lib(xthrow.obj) : error LNK2005: "void __cdecl std::_Xlength_error(char const *)" (?_Xlength_error@std@@YAXPBD@Z) already defined in msvcprtd.lib(MSVCP140D.dll)
libcpmtd.lib(xthrow.obj) : error LNK2005: "void __cdecl std::_Xout_of_range(char const *)" (?_Xout_of_range@std@@YAXPBD@Z) already defined in msvcprtd.lib(MSVCP140D.dll)
libcpmtd.lib(xthrow.obj) : error LNK2005: "void __cdecl std::_Xregex_error(enum std::regex_constants::error_type)" (?_Xregex_error@std@@YAXW4error_type@regex_constants@1@@Z) already defined in msvcprtd.lib(MSVCP140D.dll)
libcpmtd.lib(wlocale.obj) : error LNK2038: mismatch detected for 'RuntimeLibrary': value 'MTd_StaticDebug' doesn't match value 'MDd_DynamicDebug' in StaticCodeAnalyzer.obj
libcpmtd.lib(wlocale.obj) : error LNK2005: "public: static void * __cdecl std::_Crt_new_delete::operator new(unsigned int)" (??2_Crt_new_delete@std@@SAPAXI@Z) already defined in msvcprtd.lib(MSVCP140D.dll)
libcpmtd.lib(wlocale.obj) : error LNK2005: "public: static void __cdecl std::_Crt_new_delete::operator delete(void *)" (??3_Crt_new_delete@std@@SAXPAX@Z) already defined in msvcprtd.lib(MSVCP140D.dll)
libcpmtd.lib(wlocale.obj) : error LNK2005: "public: struct _Collvec __thiscall std::_Locinfo::_Getcoll(void)const " (?_Getcoll@_Locinfo@std@@QBE?AU_Collvec@@XZ) already defined in msvcprtd.lib(MSVCP140D.dll)
libcpmtd.lib(xlocale.obj) : error LNK2038: mismatch detected for 'RuntimeLibrary': value 'MTd_StaticDebug' doesn't match value 'MDd_DynamicDebug' in StaticCodeAnalyzer.obj
libcpmtd.lib(xlocale.obj) : error LNK2005: "public: static void * __cdecl std::_Crt_new_delete::operator new(unsigned int)" (??2_Crt_new_delete@std@@SAPAXI@Z) already defined in msvcprtd.lib(MSVCP140D.dll)
libcpmtd.lib(xlocale.obj) : error LNK2005: "public: static void __cdecl std::_Crt_new_delete::operator delete(void *)" (??3_Crt_new_delete@std@@SAXPAX@Z) already defined in msvcprtd.lib(MSVCP140D.dll)
libcpmtd.lib(xlocale.obj) : error LNK2005: "public: struct _Collvec __thiscall std::_Locinfo::_Getcoll(void)const " (?_Getcoll@_Locinfo@std@@QBE?AU_Collvec@@XZ) already defined in msvcprtd.lib(MSVCP140D.dll)
libcpmtd.lib(xlocale.obj) : error LNK2005: "public: bool __thiscall std::ctype<char>::is(short,char)const " (?is@?$ctype@D@std@@QBE_NFD@Z) already defined in msvcprtd.lib(MSVCP140D.dll)
libcpmtd.lib(xlocale.obj) : error LNK2005: "public: int __thiscall std::basic_streambuf<char,struct std::char_traits<char> >::sbumpc(void)" (?sbumpc@?$basic_streambuf@DU?$char_traits@D@std@@@std@@QAEHXZ) already defined in msvcprtd.lib(MSVCP140D.dll)
libcpmtd.lib(xlocale.obj) : error LNK2005: "public: int __thiscall std::basic_streambuf<char,struct std::char_traits<char> >::sgetc(void)" (?sgetc@?$basic_streambuf@DU?$char_traits@D@std@@@std@@QAEHXZ) already defined in msvcprtd.lib(MSVCP140D.dll)
libcpmtd.lib(xstrcoll.obj) : error LNK2005: __Strcoll already defined in msvcprtd.lib(MSVCP140D.dll)
libcpmtd.lib(xdateord.obj) : error LNK2038: mismatch detected for 'RuntimeLibrary': value 'MTd_StaticDebug' doesn't match value 'MDd_DynamicDebug' in StaticCodeAnalyzer.obj
libcpmtd.lib(xwctomb.obj) : error LNK2005: __Getcvt already defined in msvcprtd.lib(MSVCP140D.dll)
libcpmtd.lib(winapisupp.obj) : error LNK2038: mismatch detected for 'RuntimeLibrary': value 'MTd_StaticDebug' doesn't match value 'MDd_DynamicDebug' in StaticCodeAnalyzer.obj
libcpmtd.lib(StlCompareStringA.obj) : error LNK2038: mismatch detected for 'RuntimeLibrary': value 'MTd_StaticDebug' doesn't match value 'MDd_DynamicDebug' in StaticCodeAnalyzer.obj
libcpmtd.lib(winapinls.obj) : error LNK2038: mismatch detected for 'RuntimeLibrary': value 'MTd_StaticDebug' doesn't match value 'MDd_DynamicDebug' in StaticCodeAnalyzer.obj
libcpmtd.lib(StlCompareStringW.obj) : error LNK2038: mismatch detected for 'RuntimeLibrary': value 'MTd_StaticDebug' doesn't match value 'MDd_DynamicDebug' in StaticCodeAnalyzer.obj
libcpmtd.lib(StlLCMapStringW.obj) : error LNK2038: mismatch detected for 'RuntimeLibrary': value 'MTd_StaticDebug' doesn't match value 'MDd_DynamicDebug' in StaticCodeAnalyzer.obj
LINK : warning LNK4098: defaultlib 'LIBCMTD' conflicts with use of other libs; use /NODEFAULTLIB:library
gtestd.lib(gtest-all.obj) : error LNK2019: unresolved external symbol ___iob_func referenced in function "public: __thiscall testing::internal::XmlUnitTestResultPrinter::XmlUnitTestResultPrinter(char const *)" (??0XmlUnitTestResultPrinter@internal@testing@@QAE@PBD@Z)
gtestd.lib(gtest-all.obj) : error LNK2019: unresolved external symbol _fprintf referenced in function "public: __thiscall testing::internal::XmlUnitTestResultPrinter::XmlUnitTestResultPrinter(char const *)" (??0XmlUnitTestResultPrinter@internal@testing@@QAE@PBD@Z)
gtestd.lib(gtest-all.obj) : error LNK2019: unresolved external symbol _printf referenced in function "public: void __thiscall testing::internal::UnitTestImpl::ConfigureXmlOutput(void)" (?ConfigureXmlOutput@UnitTestImpl@internal@testing@@QAEXXZ)
gtestd.lib(gtest-all.obj) : error LNK2019: unresolved external symbol __snprintf_s referenced in function "void __cdecl testing::`anonymous namespace'::PrintByteSegmentInObjectTo(unsigned char const *,unsigned int,unsigned int,class std::basic_ostream<char,struct std::char_traits<char> > *)" (?PrintByteSegmentInObjectTo@?A0x5f8bacf4@testing@@YAXPBEIIPAV?$basic_ostream@DU?$char_traits@D@std@@@std@@@Z)
gtestd.lib(gtest-all.obj) : error LNK2019: unresolved external symbol _vprintf referenced in function "void __cdecl testing::internal::ColoredPrintf(enum testing::internal::GTestColor,char const *,...)" (?ColoredPrintf@internal@testing@@YAXW4GTestColor@12@PBDZZ)
gtestd.lib(gtest-all.obj) : error LNK2019: unresolved external symbol "public: __thiscall std::exception::exception(char const * const &)" (??0exception@std@@QAE@ABQBD@Z) referenced in function "public: __thiscall std::runtime_error::runtime_error(class std::basic_string<char,struct std::char_traits<char>,class std::allocator<char> > const &)" (??0runtime_error@std@@QAE@ABV?$basic_string@DU?$char_traits@D@std@@V?$allocator@D@2@@1@@Z)
gtestd.lib(gtest-all.obj) : error LNK2019: unresolved external symbol "public: __thiscall std::bad_cast::bad_cast(char const *)" (??0bad_cast@std@@QAE@PBD@Z) referenced in function "class std::ctype<char> const & __cdecl std::use_facet<class std::ctype<char> >(class std::locale const &)" (??$use_facet@V?$ctype@D@std@@@std@@YAABV?$ctype@D@0@ABVlocale@0@@Z)
gtestd.lib(gtest-all.obj) : error LNK2019: unresolved external symbol "void * __cdecl operator new(unsigned int,struct std::_DebugHeapTag_t const &,char *,int)" (??2@YAPAXIABU_DebugHeapTag_t@std@@PADH@Z) referenced in function "protected: __thiscall std::basic_streambuf<char,struct std::char_traits<char> >::basic_streambuf<char,struct std::char_traits<char> >(void)" (??0?$basic_streambuf@DU?$char_traits@D@std@@@std@@IAE@XZ)
gtestd.lib(gtest-all.obj) : error LNK2019: unresolved external symbol "void * __cdecl operator new[](unsigned int,struct std::_DebugHeapTag_t const &,char *,int)" (??_U@YAPAXIABU_DebugHeapTag_t@std@@PADH@Z) referenced in function "char * __cdecl std::_Maklocstr<char>(char const *,char *,struct _Cvtvec const &)" (??$_Maklocstr@D@std@@YAPADPBDPADABU_Cvtvec@@@Z)
gtestd.lib(gtest-all.obj) : error LNK2019: unresolved external symbol "struct std::_DebugHeapTag_t const & __cdecl std::_DebugHeapTag_func(void)" (?_DebugHeapTag_func@std@@YAABU_DebugHeapTag_t@1@XZ) referenced in function "char * __cdecl std::_Maklocstr<char>(char const *,char *,struct _Cvtvec const &)" (??$_Maklocstr@D@std@@YAPADPBDPADABU_Cvtvec@@@Z)
gtestd.lib(gtest-all.obj) : error LNK2019: unresolved external symbol "char const * __cdecl std::_Winerror_map(int)" (?_Winerror_map@std@@YAPBDH@Z) referenced in function "public: virtual class std::basic_string<char,struct std::char_traits<char>,class std::allocator<char> > __thiscall std::_System_error_category::message(int)const " (?message@_System_error_category@std@@UBE?AV?$basic_string@DU?$char_traits@D@std@@V?$allocator@D@2@@2@H@Z)
C:\Users\320052123\C++CaseStudy\casestudy1\StaticCodeAnalyzer\Debug\StaticCodeAnalyzer.exe : fatal error LNK1120: 11 unresolved externals
